06:50:56  Log file: logs/daily_2026-03-01.log
06:50:56  Accounts: 2
06:50:56  Dry run: True
06:50:56  Done — 0 follows, 0 errors
06:52:23  Log file: logs/daily_2026-03-01.log
06:52:23  Accounts: 2
06:52:23  Dry run: True
06:52:23  Done — 10 follows, 0 errors
07:03:00  Log file: logs/daily_2026-03-01.log
07:03:00  Accounts: 2
07:03:00  Dry run: False
08:55:23  Log file: logs/daily_2026-03-01.log
08:55:23  Accounts: 1
08:55:23  Dry run: True
08:55:23  Done — 5 follows, 0 errors
08:57:38  Log file: logs/daily_2026-03-01.log
08:57:38  Accounts: all
08:57:38  Dry run: False
09:00:10  Log file: logs/daily_2026-03-01.log
09:00:10  Accounts: all
09:00:10  Dry run: False
09:03:36  Log file: logs/daily_2026-03-01.log
09:03:36  Accounts: 1
09:03:36  Dry run: False
09:03:36  Visible: True
09:08:34  Done — 0 follows, 0 errors
09:21:22  Log file: logs/daily_2026-03-01.log
09:21:22  Accounts: 1
09:21:22  Dry run: False
09:21:22  Visible: True
09:21:22  Done — 0 follows, 0 errors
